<?xml version="1.0" encoding="UTF-8"?>
<!-- Generated by org.testng.reporters.JUnitReportReporter -->
<testsuite hostname="dell-PC" name="workingwithproperties.Oranghrmlogin" tests="1" failures="0" timestamp="29 Jun 2019 17:24:36 GMT" time="2.939" errors="0">
  <testcase name="data" time="2.939" classname="workingwithproperties.Oranghrmlogin"/>
</testsuite> <!-- workingwithproperties.Oranghrmlogin -->
