<?xml version="1.0" encoding="UTF-8"?>
<!-- Generated by org.testng.reporters.JUnitReportReporter -->
<testsuite hostname="dell-PC" name="textbox.testNGjavascriptfbgettxt" tests="1" failures="0" timestamp="27 Jun 2019 09:10:25 GMT" time="0.023" errors="0">
  <testcase name="txt" time="0.023" classname="textbox.testNGjavascriptfbgettxt"/>
</testsuite> <!-- textbox.testNGjavascriptfbgettxt -->
