<?xml version="1.0" encoding="UTF-8"?>
<!-- Generated by org.testng.reporters.JUnitReportReporter -->
<testsuite hostname="dell-PC" name="workingwithwindowelement.Robotclassdownloding" tests="1" failures="0" timestamp="29 Jun 2019 17:31:25 GMT" time="5.318" errors="0">
  <testcase name="data" time="5.318" classname="workingwithwindowelement.Robotclassdownloding"/>
</testsuite> <!-- workingwithwindowelement.Robotclassdownloding -->
