<?xml version="1.0" encoding="UTF-8"?>
<!-- Generated by org.testng.reporters.JUnitReportReporter -->
<testsuite hostname="dell-PC" name="textbox.testNGworkingwithcookies" tests="1" failures="0" timestamp="26 Jun 2019 13:23:18 GMT" time="0.711" errors="0">
  <testcase name="cookies" time="0.711" classname="textbox.testNGworkingwithcookies"/>
</testsuite> <!-- textbox.testNGworkingwithcookies -->
